[debug] [2021-01-21T18:21:14.261Z] ----------------------------------------------------------------------
[debug] [2021-01-21T18:21:14.262Z] Command:       /usr/local/bin/node /Users/hayashishunya/.npm-global/bin/firebase init
[debug] [2021-01-21T18:21:14.262Z] CLI Version:   9.2.1
[debug] [2021-01-21T18:21:14.262Z] Platform:      darwin
[debug] [2021-01-21T18:21:14.263Z] Node Version:  v12.18.4
[debug] [2021-01-21T18:21:14.263Z] Time:          Fri Jan 22 2021 03:21:14 GMT+0900 (Japan Standard Time)
[debug] [2021-01-21T18:21:14.264Z] ----------------------------------------------------------------------
[debug] [2021-01-21T18:21:14.264Z] 
[debug] [2021-01-21T18:21:14.268Z] > command requires scopes: ["email","openid","https://www.googleapis.com/auth/cloudplatformprojects.readonly","https://www.googleapis.com/auth/firebase","https://www.googleapis.com/auth/cloud-platform"]
[debug] [2021-01-21T18:21:14.269Z] > authorizing via signed-in user
[info] 
     ######## #### ########  ######## ########     ###     ######  ########
     ##        ##  ##     ## ##       ##     ##  ##   ##  ##       ##
     ######    ##  ########  ######   ########  #########  ######  ######
     ##        ##  ##    ##  ##       ##     ## ##     ##       ## ##
     ##       #### ##     ## ######## ########  ##     ##  ######  ########

You're about to initialize a Firebase project in this directory:

  /Users/hayashishunya/Documents/amazon-clone

Before we get started, keep in mind:

  * You are initializing in an existing Firebase project directory

[info] 
=== Project Setup
[info] 
[info] First, let's associate this project directory with a Firebase project.
[info] You can create multiple project aliases by running firebase use --add, 
[info] but for now we'll just set up a default project.
[info] 
[info] i  .firebaserc already has a default project, using clone-ef7f9. 
[debug] [2021-01-21T18:21:17.154Z] > refreshing access token with scopes: []
[debug] [2021-01-21T18:21:17.155Z] >>> HTTP REQUEST POST https://www.googleapis.com/oauth2/v3/token  
 <request body omitted>
[debug] [2021-01-21T18:21:17.422Z] <<< HTTP RESPONSE 200 {"date":"Thu, 21 Jan 2021 18:21:17 GMT","pragma":"no-cache","expires":"Mon, 01 Jan 1990 00:00:00 GMT","cache-control":"no-cache, no-store, max-age=0, must-revalidate","content-type":"application/json; charset=utf-8","vary":"X-Origin, Referer, Origin,Accept-Encoding","server":"scaffolding on HTTPServer2","x-xss-protection":"0","x-frame-options":"SAMEORIGIN","x-content-type-options":"nosniff","alt-svc":"h3-29=\":443\"; ma=2592000,h3-T051=\":443\"; ma=2592000,h3-Q050=\":443\"; ma=2592000,h3-Q046=\":443\"; ma=2592000,h3-Q043=\":443\"; ma=2592000,quic=\":443\"; ma=2592000; v=\"46,43\"","accept-ranges":"none","transfer-encoding":"chunked"}
[debug] [2021-01-21T18:21:17.456Z] >>> [apiv2][query] GET https://firebase.googleapis.com/v1beta1/projects/clone-ef7f9 [none]
[debug] [2021-01-21T18:21:18.215Z] <<< [apiv2][status] GET https://firebase.googleapis.com/v1beta1/projects/clone-ef7f9 200
[debug] [2021-01-21T18:21:18.216Z] <<< [apiv2][body] GET https://firebase.googleapis.com/v1beta1/projects/clone-ef7f9 {"projectId":"clone-ef7f9","projectNumber":"777050518768","displayName":"amazon-clone","name":"projects/clone-ef7f9","resources":{"hostingSite":"clone-ef7f9","storageBucket":"clone-ef7f9.appspot.com","locationId":"us-central"},"state":"ACTIVE"}
[info] 
=== Hosting Setup
[info] 
[info] Your public directory is the folder (relative to your project directory) that
[info] will contain Hosting assets to be uploaded with firebase deploy. If you
[info] have a build process for your assets, use your build's output directory.
[info] 
